<?xml version="1.0" encoding="UTF-8"?>
<!-- Generated by org.testng.reporters.JUnitReportReporter -->
<testsuite skipped="0" hostname="DESKTOP-UVENGDO" name="Lion.Test.Press" tests="1" failures="0" timestamp="13 сен 2017 06:56:23 GMT" time="3.204" errors="0">
  <testcase name="f" time="3.204" classname="Lion.Test.Press"/>
</testsuite> <!-- Lion.Test.Press -->
