<?xml version="1.0" encoding="UTF-8"?>
<!-- Generated by org.testng.reporters.JUnitReportReporter -->
<testsuite skipped="0" hostname="DESKTOP-UVENGDO" name="Lion.Test.TestWithDP" tests="3" failures="0" timestamp="11 сен 2017 11:14:00 GMT" time="0.006" errors="0">
  <testcase name="testLionObj" time="0.005" classname="Lion.Test.TestWithDP"/>
  <testcase name="testLionObj" time="0.001" classname="Lion.Test.TestWithDP"/>
  <testcase name="testLionObj" time="0.000" classname="Lion.Test.TestWithDP"/>
</testsuite> <!-- Lion.Test.TestWithDP -->
