<?xml version="1.0" encoding="UTF-8"?>
<!-- Generated by org.testng.reporters.JUnitReportReporter -->
<testsuite skipped="0" hostname="DenisPC" name="Lion.Test.TestWithDP" tests="2" failures="0" timestamp="09 сен 2017 16:53:48 GMT" time="0.008" errors="0">
  <testcase name="testLionObj" time="0.005" classname="Lion.Test.TestWithDP"/>
  <testcase name="testLionObj" time="0.003" classname="Lion.Test.TestWithDP"/>
</testsuite> <!-- Lion.Test.TestWithDP -->
