<?xml version="1.0" encoding="UTF-8"?>
<!-- Generated by org.testng.reporters.JUnitReportReporter -->
<testsuite skipped="0" hostname="DenisPC" name="Lion.Test.TestWithDP" tests="3" failures="0" timestamp="11 ноя 2017 08:54:52 GMT" time="0.009" errors="0">
  <testcase name="testLionObj" time="0.006" classname="Lion.Test.TestWithDP"/>
  <testcase name="testLionObj" time="0.001" classname="Lion.Test.TestWithDP"/>
  <testcase name="testLionObj" time="0.002" classname="Lion.Test.TestWithDP"/>
</testsuite> <!-- Lion.Test.TestWithDP -->
