<?xml version="1.0" encoding="UTF-8"?>
<!-- Generated by org.testng.reporters.JUnitReportReporter -->
<testsuite skipped="0" hostname="DenisPC" name="Lion.Test.TestWithDP" tests="3" failures="0" timestamp="10 сен 2017 06:53:18 GMT" time="0.014" errors="0">
  <testcase name="testLionObj" time="0.006" classname="Lion.Test.TestWithDP"/>
  <testcase name="testLionObj" time="0.006" classname="Lion.Test.TestWithDP"/>
  <testcase name="testLionObj" time="0.002" classname="Lion.Test.TestWithDP"/>
</testsuite> <!-- Lion.Test.TestWithDP -->
