<?xml version="1.0" encoding="UTF-8"?>
<!-- Generated by org.testng.reporters.JUnitReportReporter -->
<testsuite skipped="0" hostname="DESKTOP-UVENGDO" name="Lion.Test.TestGraphOne" tests="1" failures="0" timestamp="07 сен 2017 06:06:15 GMT" time="0.010" errors="0">
  <testcase name="startFromHungry" time="0.010" classname="Lion.Test.TestGraphOne"/>
</testsuite> <!-- Lion.Test.TestGraphOne -->
