<?xml version="1.0" encoding="UTF-8"?>
<!-- Generated by org.testng.reporters.JUnitReportReporter -->
<testsuite skipped="0" hostname="DESKTOP-UVENGDO" name="Lion.Test.TestGraphOne" tests="5" failures="0" timestamp="07 сен 2017 14:39:52 GMT" time="0.012" errors="0">
  <testcase name="hungryToHungryByHanter" time="0.007" classname="Lion.Test.TestGraphOne"/>
  <testcase name="hungryToSatisfiteByAntilope" time="0.001" classname="Lion.Test.TestGraphOne"/>
  <testcase name="satisfiteToHungryByHanter" time="0.002" classname="Lion.Test.TestGraphOne"/>
  <testcase name="hungryToSatisfiteByAntilopeAgain" time="0.001" classname="Lion.Test.TestGraphOne"/>
  <testcase name="satisfiteToHungryByAntilope" time="0.001" classname="Lion.Test.TestGraphOne"/>
</testsuite> <!-- Lion.Test.TestGraphOne -->
